<?xml version="1.0" encoding="UTF-8"?>
<testsuite name="ru.spb.awk.gradle.OdinAssPluginTest" tests="1" skipped="0" failures="0" errors="0" timestamp="2018-08-22T06:54:46" hostname="pn-di34t" time="3.361">
  <properties/>
  <testcase name="odinAssPluginAddsGreetingTaskToProject" classname="ru.spb.awk.gradle.OdinAssPluginTest" time="3.361"/>
  <system-out><![CDATA[]]></system-out>
  <system-err><![CDATA[]]></system-err>
</testsuite>
